<?xml version="1.0" encoding="UTF-8"?>
<!-- Generated by org.testng.reporters.JUnitReportReporter -->
<testsuite skipped="0" hostname="Air-Vladislav.local.tld" name="scripts.TechGlobalLoginFormTest" tests="8" failures="0" timestamp="2023-01-23T18:04:10 CST" time="102.703" errors="0">
  <testcase name="validateTechGlobalLoginFormCard" time="14.284" classname="scripts.TechGlobalLoginFormTest"/>
  <system-out/>
  <testcase name="validateTechGlobalLoginFormCardValidLogin" time="12.469" classname="scripts.TechGlobalLoginFormTest"/>
  <system-out/>
  <testcase name="validateTechGlobalLoginFormCardValidLoginAndThenLogout" time="12.560" classname="scripts.TechGlobalLoginFormTest"/>
  <system-out/>
  <testcase name="validateTechGlobalLoginFormCardForgotPasswordLinkAndResetPasswordPage" time="10.111" classname="scripts.TechGlobalLoginFormTest"/>
  <system-out/>
  <testcase name="validateTechGlobalLoginFormCardResetPasswordLink" time="10.304" classname="scripts.TechGlobalLoginFormTest"/>
  <system-out/>
  <testcase name="validateTechGlobalLoginFormCardInvalidLoginWithWrongUsername" time="13.695" classname="scripts.TechGlobalLoginFormTest"/>
  <system-out/>
  <testcase name="validateTechGlobalLoginFormCardInvalidLoginWithWrongPassword" time="14.373" classname="scripts.TechGlobalLoginFormTest"/>
  <system-out/>
  <testcase name="validateTechGlobalLoginFormCardInvalidLoginWithBothWrongCredentials" time="14.907" classname="scripts.TechGlobalLoginFormTest"/>
  <system-out/>
</testsuite> <!-- scripts.TechGlobalLoginFormTest -->
